2017-08-02 17:51:52 [info] Program | === Eyeflow started ===
2017-08-02 17:51:52 [info] BaseTimerRunner | BaseTimerRunner started
2017-08-02 17:51:53 [info] BaseTimerRunner | Hiding window: explorer
2017-08-02 17:51:53 [info] BaseTimerRunner | Hiding window: explorer
2017-08-02 17:51:53 [info] BaseTimerRunner | Hiding window: Eyeflow
2017-08-02 17:51:53 [info] BaseTimerRunner | Hiding window: devenv
2017-08-02 17:51:53 [info] BaseTimerRunner | Hiding window: notepad++
2017-08-02 17:51:53 [info] BaseTimerRunner | Hiding window: iexplore
2017-08-02 17:51:53 [info] BaseTimerRunner | Hiding window: powershell
2017-08-02 17:51:53 [info] BaseTimerRunner | Hiding window: chrome
2017-08-02 17:51:53 [info] BaseTimerRunner | Hiding window: wmplayer
2017-08-02 17:51:53 [info] BaseTimerRunner | Hiding window: explorer
2017-08-02 17:51:54 [info] BaseTimerRunner | Showing window: C:\Users\IEUser\Dropbox\dev\dotnet\Eyeflow\Eyeflow\bin\x86\Debug\eyetrack\Eyeflow.exe
2017-08-02 17:51:56 [info] BaseTimerRunner | Showing window: Windows Media Player
2017-08-02 17:51:56 [info] BaseTimerRunner | Showing window: - Microsoft Edge Development - Internet Explorer
2017-08-02 17:51:59 [info] AnimatingTimerRunner | hiding window owned by process Eyeflow with animation
2017-08-02 17:51:59 [debug] FadeOutAnimation | starting animation for window owned by: Eyeflow
2017-08-02 17:51:59 [info] BaseTimerRunner | Showing window: C:\Users\IEUser\Dropbox\dev\dotnet\Eyeflow\Eyeflow\bin\x86\Debug\eyetrack\eyeflow.log - Notepad++
2017-08-02 17:51:59 [debug] FadeOutAnimation | stopping animation for window owned by: Eyeflow
2017-08-02 17:51:59 [debug] AnimatingTimerRunner | stop callback invoked for window owned by: Eyeflow
2017-08-02 17:52:01 [info] BaseTimerRunner | Showing window: eyetrack
2017-08-02 17:52:02 [info] AnimatingTimerRunner | hiding window owned by process wmplayer with animation
2017-08-02 17:52:02 [debug] FadeOutAnimation | starting animation for window owned by: wmplayer
2017-08-02 17:52:02 [info] BaseTimerRunner | Showing window: Select Windows PowerShell
2017-08-02 17:52:02 [debug] FadeOutAnimation | stopping animation for window owned by: wmplayer
2017-08-02 17:52:02 [debug] AnimatingTimerRunner | stop callback invoked for window owned by: wmplayer
2017-08-02 17:52:02 [debug] FadeOutAnimation | stopping animation for window owned by: wmplayer
2017-08-02 17:52:02 [debug] AnimatingTimerRunner | stop callback invoked for window owned by: wmplayer
2017-08-02 17:52:05 [info] AnimatingTimerRunner | hiding window owned by process iexplore with animation
2017-08-02 17:52:05 [debug] FadeOutAnimation | starting animation for window owned by: iexplore
2017-08-02 17:52:06 [debug] FadeOutAnimation | stopping animation for window owned by: iexplore
2017-08-02 17:52:06 [debug] AnimatingTimerRunner | stop callback invoked for window owned by: iexplore
2017-08-02 17:52:06 [debug] FadeOutAnimation | stopping animation for window owned by: iexplore
2017-08-02 17:52:06 [debug] AnimatingTimerRunner | stop callback invoked for window owned by: iexplore
2017-08-02 17:52:06 [info] AnimatingTimerRunner | hiding window owned by process notepad++ with animation
2017-08-02 17:52:06 [debug] FadeOutAnimation | starting animation for window owned by: notepad++
2017-08-02 17:52:06 [debug] FadeOutAnimation | stopping animation for window owned by: notepad++
2017-08-02 17:52:06 [debug] AnimatingTimerRunner | stop callback invoked for window owned by: notepad++
2017-08-02 17:52:06 [debug] FadeOutAnimation | stopping animation for window owned by: notepad++
2017-08-02 17:52:07 [debug] AnimatingTimerRunner | stop callback invoked for window owned by: notepad++
2017-08-02 17:52:08 [info] AnimatingTimerRunner | hiding window owned by process explorer with animation
2017-08-02 17:52:08 [debug] FadeOutAnimation | starting animation for window owned by: explorer
2017-08-02 17:52:08 [debug] FadeOutAnimation | stopping animation for window owned by: explorer
2017-08-02 17:52:08 [debug] AnimatingTimerRunner | stop callback invoked for window owned by: explorer
2017-08-02 17:52:09 [info] BaseTimerRunner | Showing window: eyetrack
2017-08-02 17:52:10 [info] AnimatingTimerRunner | hiding window owned by process powershell with animation
2017-08-02 17:52:10 [debug] FadeOutAnimation | starting animation for window owned by: powershell
2017-08-02 17:52:10 [debug] FadeOutAnimation | stopping animation for window owned by: powershell
2017-08-02 17:52:10 [debug] AnimatingTimerRunner | stop callback invoked for window owned by: powershell
2017-08-02 17:52:10 [debug] FadeOutAnimation | stopping animation for window owned by: powershell
2017-08-02 17:52:10 [debug] AnimatingTimerRunner | stop callback invoked for window owned by: powershell
2017-08-02 17:52:12 [info] BaseTimerRunner | Showing window: C:\Users\IEUser\Dropbox\dev\dotnet\Eyeflow\Eyeflow\bin\x86\Debug\eyetrack\Eyeflow.exe
2017-08-02 17:52:14 [info] AnimatingTimerRunner | hiding window owned by process explorer with animation
2017-08-02 17:52:14 [debug] FadeOutAnimation | starting animation for window owned by: explorer
2017-08-02 17:52:14 [debug] FadeOutAnimation | stopping animation for window owned by: explorer
2017-08-02 17:52:14 [debug] AnimatingTimerRunner | stop callback invoked for window owned by: explorer
2017-08-02 17:52:16 [info] BaseTimerRunner | Showing window: Start
2017-08-02 17:52:16 [info] BaseTimerRunner | Showing window: 
2017-08-02 17:52:16 [info] BaseTimerRunner | Showing window: Eyeflow (Running) - Microsoft Visual Studio 
2017-08-02 17:52:16 [info] BaseTimerRunner | Showing window: C:\Users\IEUser\Dropbox\dev\dotnet\Eyeflow\Eyeflow\bin\x86\Debug\eyetrack\eyeflow.log - Notepad++
2017-08-02 17:52:16 [info] BaseTimerRunner | Showing window: eyetrack
2017-08-02 17:52:16 [info] BaseTimerRunner | Showing window: - Microsoft Edge Development - Internet Explorer
2017-08-02 17:52:16 [info] BaseTimerRunner | Showing window: New Tab - Google Chrome
2017-08-02 17:52:16 [info] BaseTimerRunner | Showing window: Select Windows PowerShell
2017-08-02 17:52:16 [info] BaseTimerRunner | Showing window: Windows Media Player
2017-08-02 17:56:48 [info] Program | === Eyeflow started ===
2017-08-02 17:56:48 [info] BaseTimerRunner | BaseTimerRunner started
2017-08-02 17:56:49 [info] BaseTimerRunner | Hiding window::explorer:::Start
2017-08-02 17:56:49 [info] BaseTimerRunner | Hiding window::explorer:::
2017-08-02 17:56:49 [info] BaseTimerRunner | Hiding window::Eyeflow:::C:\Users\IEUser\Dropbox\dev\dotnet\Eyeflow\Eyeflow\bin\x86\Debug\eyetrack\Eyeflow.exe
2017-08-02 17:56:49 [info] BaseTimerRunner | Hiding window::devenv:::Eyeflow (Running) - Microsoft Visual Studio 
2017-08-02 17:56:49 [info] BaseTimerRunner | Hiding window::notepad++:::C:\Users\IEUser\Dropbox\dev\dotnet\Eyeflow\Eyeflow\bin\x86\Debug\eyetrack\eyeflow.log - Notepad++
2017-08-02 17:56:49 [info] BaseTimerRunner | Hiding window::iexplore:::- Microsoft Edge Development - Internet Explorer
2017-08-02 17:56:49 [info] BaseTimerRunner | Hiding window::powershell:::Select Windows PowerShell
2017-08-02 17:56:49 [info] BaseTimerRunner | Hiding window::chrome:::New Tab - Google Chrome
2017-08-02 17:56:49 [info] BaseTimerRunner | Hiding window::wmplayer:::Windows Media Player
2017-08-02 17:56:49 [info] BaseTimerRunner | Hiding window::explorer:::eyetrack
2017-08-02 17:56:50 [info] BaseTimerRunner | Showing window::Eyeflow:::C:\Users\IEUser\Dropbox\dev\dotnet\Eyeflow\Eyeflow\bin\x86\Debug\eyetrack\Eyeflow.exe
2017-08-02 17:57:02 [info] BaseTimerRunner | Showing window::wmplayer:::Windows Media Player
2017-08-02 17:57:02 [info] BaseTimerRunner | Showing window::iexplore:::- Microsoft Edge Development - Internet Explorer
2017-08-02 17:57:02 [info] AnimatingTimerRunner | hiding window owned by process Eyeflow with animation
2017-08-02 17:57:11 [info] AnimatingTimerRunner | hiding window owned by process wmplayer with animation
2017-08-02 17:57:13 [info] BaseTimerRunner | Showing window::notepad++:::C:\Users\IEUser\Dropbox\dev\dotnet\Eyeflow\Eyeflow\bin\x86\Debug\eyetrack\eyeflow.log - Notepad++
2017-08-02 17:57:13 [info] AnimatingTimerRunner | hiding window owned by process iexplore with animation
2017-08-02 17:57:20 [info] BaseTimerRunner | Showing window::powershell:::Select Windows PowerShell
2017-08-02 17:57:21 [info] AnimatingTimerRunner | hiding window owned by process notepad++ with animation
2017-08-02 17:57:22 [info] BaseTimerRunner | Showing window::Eyeflow:::C:\Users\IEUser\Dropbox\dev\dotnet\Eyeflow\Eyeflow\bin\x86\Debug\eyetrack\Eyeflow.exe
2017-08-02 17:57:23 [info] BaseTimerRunner | Showing window::explorer:::eyetrack
2017-08-02 17:57:26 [info] BaseTimerRunner | Showing window::explorer:::Start
2017-08-02 17:57:26 [info] BaseTimerRunner | Showing window::explorer:::
2017-08-02 17:57:26 [info] BaseTimerRunner | Showing window::devenv:::Eyeflow (Running) - Microsoft Visual Studio 
2017-08-02 17:57:26 [info] BaseTimerRunner | Showing window::iexplore:::- Microsoft Edge Development - Internet Explorer
2017-08-02 17:57:26 [info] BaseTimerRunner | Showing window::notepad++:::C:\Users\IEUser\Dropbox\dev\dotnet\Eyeflow\Eyeflow\bin\x86\Debug\eyetrack\eyeflow.log - Notepad++
2017-08-02 17:57:26 [info] BaseTimerRunner | Showing window::chrome:::New Tab - Google Chrome
2017-08-02 17:57:26 [info] BaseTimerRunner | Showing window::wmplayer:::Windows Media Player
2017-08-02 17:58:16 [info] Program | === Eyeflow started ===
2017-08-02 17:58:16 [info] BaseTimerRunner | BaseTimerRunner started
2017-08-02 17:58:16 [info] BaseTimerRunner | Hiding window::explorer:::Start
2017-08-02 17:58:16 [info] BaseTimerRunner | Hiding window::explorer:::
2017-08-02 17:58:16 [info] BaseTimerRunner | Hiding window::Eyeflow:::C:\Users\IEUser\Dropbox\dev\dotnet\Eyeflow\Eyeflow\bin\x86\Debug\eyetrack\Eyeflow.exe
2017-08-02 17:58:16 [info] BaseTimerRunner | Hiding window::devenv:::Eyeflow (Running) - Microsoft Visual Studio 
2017-08-02 17:58:16 [info] BaseTimerRunner | Hiding window::notepad++:::C:\Users\IEUser\Dropbox\dev\dotnet\Eyeflow\Eyeflow\bin\x86\Debug\eyetrack\eyeflow.log - Notepad++
2017-08-02 17:58:17 [info] BaseTimerRunner | Hiding window::iexplore:::- Microsoft Edge Development - Internet Explorer
2017-08-02 17:58:17 [info] BaseTimerRunner | Hiding window::powershell:::Select Windows PowerShell
2017-08-02 17:58:17 [info] BaseTimerRunner | Hiding window::chrome:::New Tab - Google Chrome
2017-08-02 17:58:17 [info] BaseTimerRunner | Hiding window::wmplayer:::Windows Media Player
2017-08-02 17:58:17 [info] BaseTimerRunner | Hiding window::explorer:::eyetrack
2017-08-02 17:58:17 [info] BaseTimerRunner | Showing window::Eyeflow:::C:\Users\IEUser\Dropbox\dev\dotnet\Eyeflow\Eyeflow\bin\x86\Debug\eyetrack\Eyeflow.exe
2017-08-02 17:58:17 [info] BaseTimerRunner | Showing window::chrome:::New Tab - Google Chrome
2017-08-02 17:58:19 [info] BaseTimerRunner | Showing window::explorer:::eyetrack
2017-08-02 17:58:21 [info] BaseTimerRunner | Showing window::powershell:::Select Windows PowerShell
2017-08-02 17:58:23 [info] BaseTimerRunner | Showing window::wmplayer:::Windows Media Player
2017-08-02 17:58:23 [info] BaseTimerRunner | Showing window::iexplore:::- Microsoft Edge Development - Internet Explorer
2017-08-02 17:58:25 [info] AnimatingTimerRunner | hiding window owned by process Eyeflow with animation
2017-08-02 17:58:25 [info] AnimatingTimerRunner | hiding window owned by process chrome with animation
2017-08-02 17:58:25 [info] AnimatingTimerRunner | hiding window owned by process explorer with animation
2017-08-02 17:58:26 [info] BaseTimerRunner | Showing window::Eyeflow:::C:\Users\IEUser\Dropbox\dev\dotnet\Eyeflow\Eyeflow\bin\x86\Debug\eyetrack\Eyeflow.exe
2017-08-02 17:58:26 [info] BaseTimerRunner | Showing window::chrome:::New Tab - Google Chrome
2017-08-02 17:58:26 [info] BaseTimerRunner | Showing window::explorer:::eyetrack
2017-08-02 17:58:26 [info] AnimatingTimerRunner | hiding window owned by process powershell with animation
2017-08-02 17:58:29 [info] AnimatingTimerRunner | hiding window owned by process iexplore with animation
2017-08-02 17:58:31 [info] AnimatingTimerRunner | hiding window owned by process chrome with animation
2017-08-02 17:58:31 [info] AnimatingTimerRunner | hiding window owned by process Eyeflow with animation
2017-08-02 17:58:31 [info] AnimatingTimerRunner | hiding window owned by process wmplayer with animation
2017-08-02 17:58:32 [info] BaseTimerRunner | Showing window::chrome:::New Tab - Google Chrome
2017-08-02 17:58:32 [info] BaseTimerRunner | Showing window::Eyeflow:::C:\Users\IEUser\Dropbox\dev\dotnet\Eyeflow\Eyeflow\bin\x86\Debug\eyetrack\Eyeflow.exe
2017-08-02 17:58:32 [info] AnimatingTimerRunner | hiding window owned by process explorer with animation
2017-08-02 17:58:34 [info] BaseTimerRunner | Showing window::explorer:::eyetrack
2017-08-02 17:58:37 [info] AnimatingTimerRunner | hiding window owned by process Eyeflow with animation
2017-08-02 17:58:39 [info] AnimatingTimerRunner | hiding window owned by process chrome with animation
2017-08-02 17:58:40 [info] BaseTimerRunner | Showing window::Eyeflow:::C:\Users\IEUser\Dropbox\dev\dotnet\Eyeflow\Eyeflow\bin\x86\Debug\eyetrack\Eyeflow.exe
2017-08-02 17:58:41 [info] AnimatingTimerRunner | hiding window owned by process explorer with animation
2017-08-02 17:58:42 [info] BaseTimerRunner | Showing window::chrome:::New Tab - Google Chrome
2017-08-02 17:58:45 [info] BaseTimerRunner | Showing window::devenv:::Eyeflow (Running) - Microsoft Visual Studio 
2017-08-02 17:58:46 [info] BaseTimerRunner | Showing window::wmplayer:::Windows Media Player
2017-08-02 17:58:50 [info] BaseTimerRunner | Showing window::explorer:::Start
2017-08-02 17:58:50 [info] BaseTimerRunner | Showing window::explorer:::
2017-08-02 17:58:50 [info] BaseTimerRunner | Showing window::notepad++:::C:\Users\IEUser\Dropbox\dev\dotnet\Eyeflow\Eyeflow\bin\x86\Debug\eyetrack\eyeflow.log - Notepad++
2017-08-02 17:58:50 [info] BaseTimerRunner | Showing window::powershell:::Select Windows PowerShell
2017-08-02 17:58:50 [info] BaseTimerRunner | Showing window::iexplore:::- Microsoft Edge Development - Internet Explorer
2017-08-02 17:58:50 [info] BaseTimerRunner | Showing window::explorer:::eyetrack
2017-08-02 17:59:55 [info] Program | === Eyeflow started ===
2017-08-02 17:59:55 [info] BaseTimerRunner | BaseTimerRunner started
2017-08-02 17:59:56 [info] BaseTimerRunner | Hiding window::explorer:::Start
2017-08-02 17:59:56 [info] BaseTimerRunner | Hiding window::explorer:::
2017-08-02 17:59:56 [info] BaseTimerRunner | Hiding window::Eyeflow:::C:\Users\IEUser\Dropbox\dev\dotnet\Eyeflow\Eyeflow\bin\x86\Debug\eyetrack\Eyeflow.exe
2017-08-02 17:59:56 [info] BaseTimerRunner | Hiding window::devenv:::Eyeflow (Running) - Microsoft Visual Studio 
2017-08-02 17:59:56 [info] BaseTimerRunner | Hiding window::chrome:::New Tab - Google Chrome
2017-08-02 17:59:56 [info] BaseTimerRunner | Hiding window::powershell:::Select Windows PowerShell
2017-08-02 17:59:56 [info] BaseTimerRunner | Hiding window::notepad++:::C:\Users\IEUser\Dropbox\dev\dotnet\Eyeflow\Eyeflow\bin\x86\Debug\eyetrack\eyeflow.log - Notepad++
2017-08-02 17:59:56 [info] BaseTimerRunner | Hiding window::iexplore:::- Microsoft Edge Development - Internet Explorer
2017-08-02 17:59:56 [info] BaseTimerRunner | Hiding window::wmplayer:::Windows Media Player
2017-08-02 17:59:56 [info] BaseTimerRunner | Hiding window::explorer:::eyetrack
2017-08-02 17:59:58 [info] BaseTimerRunner | Showing window::Eyeflow:::C:\Users\IEUser\Dropbox\dev\dotnet\Eyeflow\Eyeflow\bin\x86\Debug\eyetrack\Eyeflow.exe
2017-08-02 18:00:00 [info] BaseTimerRunner | Showing window::chrome:::New Tab - Google Chrome
2017-08-02 18:00:04 [info] BaseTimerRunner | Showing window::explorer:::eyetrack
2017-08-02 18:00:17 [info] AnimatingTimerRunner | hiding window owned by process Eyeflow with animation
2017-08-02 18:00:17 [info] AnimatingTimerRunner | hiding window owned by process chrome with animation
2017-08-02 18:00:19 [info] BaseTimerRunner | Showing window::powershell:::Select Windows PowerShell
2017-08-02 18:00:20 [info] AnimatingTimerRunner | hiding window owned by process explorer with animation
2017-08-02 18:00:21 [info] BaseTimerRunner | Showing window::chrome:::New Tab - Google Chrome
2017-08-02 18:00:22 [info] BaseTimerRunner | Showing window::Eyeflow:::C:\Users\IEUser\Dropbox\dev\dotnet\Eyeflow\Eyeflow\bin\x86\Debug\eyetrack\Eyeflow.exe
2017-08-02 18:00:29 [info] AnimatingTimerRunner | hiding window owned by process powershell with animation
2017-08-02 18:00:31 [info] BaseTimerRunner | Showing window::wmplayer:::Windows Media Player
2017-08-02 18:00:31 [info] BaseTimerRunner | Showing window::iexplore:::- Microsoft Edge Development - Internet Explorer
2017-08-02 18:00:31 [info] BaseTimerRunner | Showing window::notepad++:::C:\Users\IEUser\Dropbox\dev\dotnet\Eyeflow\Eyeflow\bin\x86\Debug\eyetrack\eyeflow.log - Notepad++
2017-08-02 18:00:37 [info] BaseTimerRunner | Showing window::devenv:::Eyeflow (Running) - Microsoft Visual Studio 
2017-08-02 18:00:40 [info] BaseTimerRunner | Showing window::explorer:::Start
2017-08-02 18:00:40 [info] BaseTimerRunner | Showing window::explorer:::
2017-08-02 18:00:40 [info] BaseTimerRunner | Showing window::explorer:::eyetrack
2017-08-02 18:00:40 [info] BaseTimerRunner | Showing window::powershell:::Select Windows PowerShell
2017-08-02 18:00:51 [info] Program | === Eyeflow started ===
2017-08-02 18:00:51 [info] BaseTimerRunner | BaseTimerRunner started
2017-08-02 18:00:52 [info] BaseTimerRunner | Hiding window::explorer:::Start
2017-08-02 18:00:52 [info] BaseTimerRunner | Hiding window::explorer:::
2017-08-02 18:00:52 [info] BaseTimerRunner | Hiding window::Eyeflow:::C:\Users\IEUser\Dropbox\dev\dotnet\Eyeflow\Eyeflow\bin\x86\Debug\eyetrack\Eyeflow.exe
2017-08-02 18:00:52 [info] BaseTimerRunner | Hiding window::devenv:::Eyeflow (Running) - Microsoft Visual Studio 
2017-08-02 18:00:52 [info] BaseTimerRunner | Hiding window::chrome:::New Tab - Google Chrome
2017-08-02 18:00:52 [info] BaseTimerRunner | Hiding window::powershell:::Select Windows PowerShell
2017-08-02 18:00:52 [info] BaseTimerRunner | Hiding window::notepad++:::C:\Users\IEUser\Dropbox\dev\dotnet\Eyeflow\Eyeflow\bin\x86\Debug\eyetrack\eyeflow.log - Notepad++
2017-08-02 18:00:52 [info] BaseTimerRunner | Hiding window::iexplore:::- Microsoft Edge Development - Internet Explorer
2017-08-02 18:00:52 [info] BaseTimerRunner | Hiding window::wmplayer:::Windows Media Player
2017-08-02 18:00:52 [info] BaseTimerRunner | Hiding window::explorer:::eyetrack
2017-08-02 18:00:52 [info] BaseTimerRunner | Showing window::Eyeflow:::C:\Users\IEUser\Dropbox\dev\dotnet\Eyeflow\Eyeflow\bin\x86\Debug\eyetrack\Eyeflow.exe
2017-08-02 18:00:53 [info] BaseTimerRunner | Showing window::explorer:::eyetrack
2017-08-02 18:00:54 [info] BaseTimerRunner | Showing window::Idle:::
2017-08-02 18:00:55 [info] BaseTimerRunner | Showing window::powershell:::Select Windows PowerShell
2017-08-02 18:00:57 [info] BaseTimerRunner | Showing window::wmplayer:::Windows Media Player
2017-08-02 18:00:57 [info] BaseTimerRunner | Showing window::iexplore:::- Microsoft Edge Development - Internet Explorer
2017-08-02 18:00:59 [info] BaseTimerRunner | Showing window::explorer:::Start
2017-08-02 18:00:59 [info] BaseTimerRunner | Showing window::explorer:::
2017-08-02 18:01:00 [info] BaseTimerRunner | Showing window::devenv:::Eyeflow (Running) - Microsoft Visual Studio 
2017-08-02 18:01:00 [info] BaseTimerRunner | Showing window::chrome:::New Tab - Google Chrome
2017-08-02 18:01:00 [info] BaseTimerRunner | Showing window::notepad++:::C:\Users\IEUser\Dropbox\dev\dotnet\Eyeflow\Eyeflow\bin\x86\Debug\eyetrack\eyeflow.log - Notepad++
2017-08-02 18:01:07 [info] Program | === Eyeflow started ===
2017-08-02 18:01:08 [info] BaseTimerRunner | BaseTimerRunner started
2017-08-02 18:01:08 [info] BaseTimerRunner | Hiding window::explorer:::Start
2017-08-02 18:01:08 [info] BaseTimerRunner | Hiding window::explorer:::
2017-08-02 18:01:08 [info] BaseTimerRunner | Hiding window::Eyeflow:::C:\Users\IEUser\Dropbox\dev\dotnet\Eyeflow\Eyeflow\bin\x86\Debug\eyetrack\Eyeflow.exe
2017-08-02 18:01:08 [info] BaseTimerRunner | Hiding window::devenv:::Eyeflow (Running) - Microsoft Visual Studio 
2017-08-02 18:01:08 [info] BaseTimerRunner | Hiding window::chrome:::New Tab - Google Chrome
2017-08-02 18:01:08 [info] BaseTimerRunner | Hiding window::powershell:::Select Windows PowerShell
2017-08-02 18:01:08 [info] BaseTimerRunner | Hiding window::notepad++:::C:\Users\IEUser\Dropbox\dev\dotnet\Eyeflow\Eyeflow\bin\x86\Debug\eyetrack\eyeflow.log - Notepad++
2017-08-02 18:01:08 [info] BaseTimerRunner | Hiding window::iexplore:::- Microsoft Edge Development - Internet Explorer
2017-08-02 18:01:08 [info] BaseTimerRunner | Hiding window::wmplayer:::Windows Media Player
2017-08-02 18:01:08 [info] BaseTimerRunner | Hiding window::explorer:::eyetrack
2017-08-02 18:01:08 [info] BaseTimerRunner | Showing window::Eyeflow:::C:\Users\IEUser\Dropbox\dev\dotnet\Eyeflow\Eyeflow\bin\x86\Debug\eyetrack\Eyeflow.exe
2017-08-02 18:01:10 [info] BaseTimerRunner | Showing window::chrome:::New Tab - Google Chrome
2017-08-02 18:01:10 [info] BaseTimerRunner | Showing window::explorer:::eyetrack
2017-08-02 18:01:10 [info] BaseTimerRunner | Showing window::powershell:::Select Windows PowerShell
2017-08-02 18:01:11 [info] BaseTimerRunner | Showing window::wmplayer:::Windows Media Player
2017-08-02 18:01:12 [info] BaseTimerRunner | Showing window::explorer:::Start
2017-08-02 18:01:12 [info] BaseTimerRunner | Showing window::explorer:::
2017-08-02 18:01:12 [info] BaseTimerRunner | Showing window::devenv:::Eyeflow (Running) - Microsoft Visual Studio 
2017-08-02 18:01:12 [info] BaseTimerRunner | Showing window::notepad++:::C:\Users\IEUser\Dropbox\dev\dotnet\Eyeflow\Eyeflow\bin\x86\Debug\eyetrack\eyeflow.log - Notepad++
2017-08-02 18:01:12 [info] BaseTimerRunner | Showing window::iexplore:::- Microsoft Edge Development - Internet Explorer
2017-08-02 18:03:45 [info] Program | === Eyeflow started ===
2017-08-02 18:03:45 [info] BaseTimerRunner | BaseTimerRunner started
2017-08-02 18:03:46 [info] BaseTimerRunner | Hiding window::explorer:::Start
2017-08-02 18:03:46 [info] BaseTimerRunner | Hiding window::explorer:::
2017-08-02 18:03:46 [info] BaseTimerRunner | Hiding window::devenv:::Eyeflow (Debugging) - Microsoft Visual Studio 
2017-08-02 18:03:46 [info] BaseTimerRunner | Hiding window::Eyeflow:::C:\Users\IEUser\Dropbox\dev\dotnet\Eyeflow\Eyeflow\bin\x86\Debug\eyetrack\Eyeflow.exe
2017-08-02 18:03:46 [info] BaseTimerRunner | Hiding window::chrome:::New Tab - Google Chrome
2017-08-02 18:03:46 [info] BaseTimerRunner | Hiding window::powershell:::Select Windows PowerShell
2017-08-02 18:03:46 [info] BaseTimerRunner | Hiding window::notepad++:::C:\Users\IEUser\Dropbox\dev\dotnet\Eyeflow\Eyeflow\bin\x86\Debug\eyetrack\eyeflow.log - Notepad++
2017-08-02 18:03:46 [info] BaseTimerRunner | Hiding window::iexplore:::- Microsoft Edge Development - Internet Explorer
2017-08-02 18:03:46 [info] BaseTimerRunner | Hiding window::wmplayer:::Windows Media Player
2017-08-02 18:03:46 [info] BaseTimerRunner | Hiding window::explorer:::eyetrack
2017-08-02 18:04:00 [info] BaseTimerRunner | Showing window::explorer:::eyetrack
2017-08-02 18:04:01 [info] BaseTimerRunner | Showing window::powershell:::Select Windows PowerShell
2017-08-02 18:04:03 [info] BaseTimerRunner | Showing window::wmplayer:::Windows Media Player
2017-08-02 18:04:05 [info] BaseTimerRunner | Showing window::Eyeflow:::C:\Users\IEUser\Dropbox\dev\dotnet\Eyeflow\Eyeflow\bin\x86\Debug\eyetrack\Eyeflow.exe
2017-08-02 18:04:12 [info] AnimatingTimerRunner | hiding window owned by process powershell with animation
2017-08-02 18:04:13 [info] AnimatingTimerRunner | hiding window owned by process wmplayer with animation
2017-08-02 18:04:15 [info] AnimatingTimerRunner | hiding window owned by process Eyeflow with animation
2017-08-02 18:04:17 [info] BaseTimerRunner | Showing window::Eyeflow:::C:\Users\IEUser\Dropbox\dev\dotnet\Eyeflow\Eyeflow\bin\x86\Debug\eyetrack\Eyeflow.exe
2017-08-02 18:04:17 [info] AnimatingTimerRunner | hiding window owned by process explorer with animation
2017-08-02 18:04:20 [info] BaseTimerRunner | Showing window::explorer:::eyetrack
2017-08-02 18:04:22 [info] BaseTimerRunner | Showing window::explorer:::Start
2017-08-02 18:04:22 [info] BaseTimerRunner | Showing window::explorer:::
2017-08-02 18:04:22 [info] BaseTimerRunner | Showing window::devenv:::Eyeflow (Running) - Microsoft Visual Studio 
2017-08-02 18:04:22 [info] BaseTimerRunner | Showing window::powershell:::Select Windows PowerShell
2017-08-02 18:04:22 [info] BaseTimerRunner | Showing window::chrome:::New Tab - Google Chrome
2017-08-02 18:04:22 [info] BaseTimerRunner | Showing window::notepad++:::C:\Users\IEUser\Dropbox\dev\dotnet\Eyeflow\Eyeflow\bin\x86\Debug\eyetrack\eyeflow.log - Notepad++
2017-08-02 18:04:22 [info] BaseTimerRunner | Showing window::iexplore:::- Microsoft Edge Development - Internet Explorer
2017-08-02 18:04:22 [info] BaseTimerRunner | Showing window::wmplayer:::Windows Media Player
2017-08-02 18:04:36 [info] Program | === Eyeflow started ===
2017-08-02 18:04:36 [info] BaseTimerRunner | BaseTimerRunner started
2017-08-02 18:04:37 [info] BaseTimerRunner | Hiding window::explorer:::Start
2017-08-02 18:04:37 [info] BaseTimerRunner | Hiding window::explorer:::
2017-08-02 18:04:38 [info] BaseTimerRunner | Hiding window::Eyeflow:::C:\Users\IEUser\Dropbox\dev\dotnet\Eyeflow\Eyeflow\bin\x86\Debug\eyetrack\Eyeflow.exe
2017-08-02 18:04:38 [info] BaseTimerRunner | Hiding window::devenv:::Eyeflow (Running) - Microsoft Visual Studio 
2017-08-02 18:04:38 [info] BaseTimerRunner | Hiding window::chrome:::New Tab - Google Chrome
2017-08-02 18:04:38 [info] BaseTimerRunner | Hiding window::powershell:::Select Windows PowerShell
2017-08-02 18:04:38 [info] BaseTimerRunner | Hiding window::notepad++:::C:\Users\IEUser\Dropbox\dev\dotnet\Eyeflow\Eyeflow\bin\x86\Debug\eyetrack\eyeflow.log - Notepad++
2017-08-02 18:04:38 [info] BaseTimerRunner | Hiding window::iexplore:::- Microsoft Edge Development - Internet Explorer
2017-08-02 18:04:38 [info] BaseTimerRunner | Hiding window::wmplayer:::Windows Media Player
2017-08-02 18:04:38 [info] BaseTimerRunner | Hiding window::explorer:::eyetrack
2017-08-02 18:04:39 [info] BaseTimerRunner | Showing window::Eyeflow:::C:\Users\IEUser\Dropbox\dev\dotnet\Eyeflow\Eyeflow\bin\x86\Debug\eyetrack\Eyeflow.exe
2017-08-02 18:04:42 [info] BaseTimerRunner | Showing window::explorer:::eyetrack
2017-08-02 18:04:44 [info] BaseTimerRunner | Showing window::powershell:::Select Windows PowerShell
2017-08-02 18:04:52 [info] BaseTimerRunner | Showing window::explorer:::Start
2017-08-02 18:04:52 [info] BaseTimerRunner | Showing window::explorer:::
2017-08-02 18:04:52 [info] BaseTimerRunner | Showing window::devenv:::Eyeflow (Running) - Microsoft Visual Studio 
2017-08-02 18:04:52 [info] BaseTimerRunner | Showing window::chrome:::New Tab - Google Chrome
2017-08-02 18:04:52 [info] BaseTimerRunner | Showing window::notepad++:::C:\Users\IEUser\Dropbox\dev\dotnet\Eyeflow\Eyeflow\bin\x86\Debug\eyetrack\eyeflow.log - Notepad++
2017-08-02 18:04:52 [info] BaseTimerRunner | Showing window::iexplore:::- Microsoft Edge Development - Internet Explorer
2017-08-02 18:04:52 [info] BaseTimerRunner | Showing window::wmplayer:::Windows Media Player
2017-08-02 18:05:06 [info] Program | === Eyeflow started ===
2017-08-02 18:05:06 [info] BaseTimerRunner | BaseTimerRunner started
2017-08-02 18:05:06 [info] BaseTimerRunner | Hiding window::explorer:::Start
2017-08-02 18:05:06 [info] BaseTimerRunner | Hiding window::explorer:::
2017-08-02 18:05:07 [info] BaseTimerRunner | Hiding window::Eyeflow:::C:\Users\IEUser\Dropbox\dev\dotnet\Eyeflow\Eyeflow\bin\x86\Debug\eyetrack\Eyeflow.exe
2017-08-02 18:05:07 [info] BaseTimerRunner | Hiding window::devenv:::Eyeflow (Running) - Microsoft Visual Studio 
2017-08-02 18:05:07 [info] BaseTimerRunner | Hiding window::chrome:::New Tab - Google Chrome
2017-08-02 18:05:07 [info] BaseTimerRunner | Hiding window::powershell:::Select Windows PowerShell
2017-08-02 18:05:07 [info] BaseTimerRunner | Hiding window::notepad++:::C:\Users\IEUser\Dropbox\dev\dotnet\Eyeflow\Eyeflow\bin\x86\Debug\eyetrack\eyeflow.log - Notepad++
2017-08-02 18:05:07 [info] BaseTimerRunner | Hiding window::iexplore:::- Microsoft Edge Development - Internet Explorer
2017-08-02 18:05:07 [info] BaseTimerRunner | Hiding window::wmplayer:::Windows Media Player
2017-08-02 18:05:07 [info] BaseTimerRunner | Hiding window::explorer:::eyetrack
2017-08-02 18:05:08 [info] BaseTimerRunner | Showing window::Eyeflow:::C:\Users\IEUser\Dropbox\dev\dotnet\Eyeflow\Eyeflow\bin\x86\Debug\eyetrack\Eyeflow.exe
2017-08-02 18:05:13 [info] BaseTimerRunner | Showing window::explorer:::eyetrack
2017-08-02 18:05:14 [info] BaseTimerRunner | Showing window::powershell:::Select Windows PowerShell
2017-08-02 18:05:16 [info] BaseTimerRunner | Showing window::explorer:::Start
2017-08-02 18:05:16 [info] BaseTimerRunner | Showing window::explorer:::
2017-08-02 18:05:16 [info] BaseTimerRunner | Showing window::devenv:::Eyeflow (Running) - Microsoft Visual Studio 
2017-08-02 18:05:16 [info] BaseTimerRunner | Showing window::chrome:::New Tab - Google Chrome
2017-08-02 18:05:16 [info] BaseTimerRunner | Showing window::notepad++:::C:\Users\IEUser\Dropbox\dev\dotnet\Eyeflow\Eyeflow\bin\x86\Debug\eyetrack\eyeflow.log - Notepad++
2017-08-02 18:05:16 [info] BaseTimerRunner | Showing window::iexplore:::- Microsoft Edge Development - Internet Explorer
2017-08-02 18:05:16 [info] BaseTimerRunner | Showing window::wmplayer:::Windows Media Player
2017-08-02 18:24:22 [info] EyeflowConsoleApp | === Eyeflow started ===
2017-08-02 18:24:22 [info] BaseTimerRunner | BaseTimerRunner started
2017-08-02 18:24:23 [info] BaseTimerRunner | Hiding window::explorer:::Start
2017-08-02 18:24:23 [info] BaseTimerRunner | Hiding window::explorer:::
2017-08-02 18:24:23 [info] BaseTimerRunner | Hiding window::Eyeflow:::C:\Users\IEUser\Dropbox\dev\dotnet\Eyeflow\Eyeflow\bin\x86\Debug\eyetrack\Eyeflow.exe
2017-08-02 18:24:23 [info] BaseTimerRunner | Hiding window::devenv:::Eyeflow (Running) - Microsoft Visual Studio 
2017-08-02 18:24:23 [info] BaseTimerRunner | Hiding window::chrome:::New Tab - Google Chrome
2017-08-02 18:24:23 [info] BaseTimerRunner | Hiding window::powershell:::Select Windows PowerShell
2017-08-02 18:24:23 [info] BaseTimerRunner | Hiding window::notepad++:::C:\Users\IEUser\Dropbox\dev\dotnet\Eyeflow\Eyeflow\bin\x86\Debug\eyetrack\eyeflow.log - Notepad++
2017-08-02 18:24:23 [info] BaseTimerRunner | Hiding window::iexplore:::- Microsoft Edge Development - Internet Explorer
2017-08-02 18:24:23 [info] BaseTimerRunner | Hiding window::wmplayer:::Windows Media Player
2017-08-02 18:24:23 [info] BaseTimerRunner | Hiding window::explorer:::eyetrack
2017-08-02 18:24:24 [info] BaseTimerRunner | Showing window::Eyeflow:::C:\Users\IEUser\Dropbox\dev\dotnet\Eyeflow\Eyeflow\bin\x86\Debug\eyetrack\Eyeflow.exe
2017-08-02 18:24:28 [info] BaseTimerRunner | Showing window::explorer:::Start
2017-08-02 18:24:28 [info] BaseTimerRunner | Showing window::explorer:::
2017-08-02 18:24:28 [info] BaseTimerRunner | Showing window::devenv:::Eyeflow (Running) - Microsoft Visual Studio 
2017-08-02 18:24:28 [info] BaseTimerRunner | Showing window::chrome:::New Tab - Google Chrome
2017-08-02 18:24:28 [info] BaseTimerRunner | Showing window::powershell:::Select Windows PowerShell
2017-08-02 18:24:28 [info] BaseTimerRunner | Showing window::notepad++:::C:\Users\IEUser\Dropbox\dev\dotnet\Eyeflow\Eyeflow\bin\x86\Debug\eyetrack\eyeflow.log - Notepad++
2017-08-02 18:24:29 [info] BaseTimerRunner | Showing window::iexplore:::- Microsoft Edge Development - Internet Explorer
2017-08-02 18:24:29 [info] BaseTimerRunner | Showing window::wmplayer:::Windows Media Player
2017-08-02 18:24:29 [info] BaseTimerRunner | Showing window::explorer:::eyetrack
2017-08-02 18:28:42 [info] EyeflowConsoleApp | === Eyeflow started ===
2017-08-02 18:28:42 [info] BaseTimerRunner | BaseTimerRunner started
2017-08-02 18:28:43 [info] BaseTimerRunner | Hiding window::explorer:::Start
2017-08-02 18:28:43 [info] BaseTimerRunner | Hiding window::explorer:::
2017-08-02 18:28:43 [info] BaseTimerRunner | Hiding window::Eyeflow:::C:\Users\IEUser\Dropbox\dev\dotnet\Eyeflow\Eyeflow\bin\x86\Debug\eyetrack\Eyeflow.exe
2017-08-02 18:28:43 [info] BaseTimerRunner | Hiding window::devenv:::Eyeflow (Running) - Microsoft Visual Studio 
2017-08-02 18:28:43 [info] BaseTimerRunner | Hiding window::chrome:::New Tab - Google Chrome
2017-08-02 18:28:43 [info] BaseTimerRunner | Hiding window::powershell:::Select Windows PowerShell
2017-08-02 18:28:43 [info] BaseTimerRunner | Hiding window::notepad++:::C:\Users\IEUser\Dropbox\dev\dotnet\Eyeflow\Eyeflow\bin\x86\Debug\eyetrack\eyeflow.log - Notepad++
2017-08-02 18:28:44 [info] BaseTimerRunner | Hiding window::iexplore:::- Microsoft Edge Development - Internet Explorer
2017-08-02 18:28:44 [info] BaseTimerRunner | Hiding window::wmplayer:::Windows Media Player
2017-08-02 18:28:44 [info] BaseTimerRunner | Hiding window::explorer:::eyetrack
2017-08-02 18:28:44 [info] BaseTimerRunner | Showing window::Eyeflow:::C:\Users\IEUser\Dropbox\dev\dotnet\Eyeflow\Eyeflow\bin\x86\Debug\eyetrack\Eyeflow.exe
2017-08-02 18:28:55 [info] BaseTimerRunner | Showing window::chrome:::New Tab - Google Chrome
2017-08-02 18:28:57 [info] BaseTimerRunner | Showing window::explorer:::eyetrack
2017-08-02 18:28:59 [info] BaseTimerRunner | Showing window::powershell:::Select Windows PowerShell
2017-08-02 18:29:00 [info] BaseTimerRunner | Showing window::notepad++:::C:\Users\IEUser\Dropbox\dev\dotnet\Eyeflow\Eyeflow\bin\x86\Debug\eyetrack\eyeflow.log - Notepad++
2017-08-02 18:29:01 [info] BaseTimerRunner | Showing window::iexplore:::- Microsoft Edge Development - Internet Explorer
2017-08-02 18:29:05 [info] AnimatingTimerRunner | hiding window owned by process chrome with animation
2017-08-02 18:29:07 [info] AnimatingTimerRunner | hiding window owned by process Eyeflow with animation
2017-08-02 18:29:08 [info] AnimatingTimerRunner | hiding window owned by process explorer with animation
2017-08-02 18:29:09 [info] AnimatingTimerRunner | hiding window owned by process powershell with animation
2017-08-02 18:29:11 [info] AnimatingTimerRunner | hiding window owned by process notepad++ with animation
2017-08-02 18:29:12 [info] BaseTimerRunner | Showing window::Eyeflow:::C:\Users\IEUser\Dropbox\dev\dotnet\Eyeflow\Eyeflow\bin\x86\Debug\eyetrack\Eyeflow.exe
2017-08-02 18:29:12 [info] AnimatingTimerRunner | hiding window owned by process iexplore with animation
2017-08-02 18:29:27 [info] BaseTimerRunner | Showing window::chrome:::New Tab - Google Chrome
2017-08-02 18:29:31 [info] EyeflowConsoleApp | === SHUTDOWN BY CTRL_CLOSE_EVENT ===
2017-08-02 18:29:31 [info] BaseTimerRunner | Showing window::explorer:::Start
2017-08-02 18:29:31 [info] BaseTimerRunner | Showing window::explorer:::
2017-08-02 18:29:31 [info] BaseTimerRunner | Showing window::devenv:::Eyeflow (Running) - Microsoft Visual Studio 
2017-08-02 18:29:31 [info] BaseTimerRunner | Showing window::notepad++:::C:\Users\IEUser\Dropbox\dev\dotnet\Eyeflow\Eyeflow\bin\x86\Debug\eyetrack\eyeflow.log - Notepad++
2017-08-02 18:29:31 [info] BaseTimerRunner | Showing window::explorer:::eyetrack
2017-08-02 18:29:31 [info] BaseTimerRunner | Showing window::iexplore:::- Microsoft Edge Development - Internet Explorer
2017-08-02 18:29:31 [info] BaseTimerRunner | Showing window::wmplayer:::Windows Media Player
2017-08-02 18:29:31 [info] BaseTimerRunner | Showing window::powershell:::Select Windows PowerShell
2017-08-02 18:29:31 [info] AnimatingTimerRunner | hiding window owned by process notepad++ with animation
2017-08-02 18:29:31 [info] AnimatingTimerRunner | hiding window owned by process explorer with animation
2017-08-02 18:29:31 [info] AnimatingTimerRunner | hiding window owned by process iexplore with animation
2017-08-02 18:29:31 [info] AnimatingTimerRunne2017-08-02 18:36:07 [info] EyeflowConsoleApp | === Eyeflow started ===
2017-08-02 18:36:07 [info] BaseTimerRunner | BaseTimerRunner started
2017-08-02 18:36:09 [info] BaseTimerRunner | Hiding window::explorer:::Start
2017-08-02 18:36:09 [info] BaseTimerRunner | Hiding window::explorer:::
2017-08-02 18:36:09 [info] BaseTimerRunner | Hiding window::Eyeflow:::C:\Users\IEUser\Dropbox\dev\dotnet\Eyeflow\Eyeflow\bin\x86\Debug\eyetrack\Eyeflow.exe
2017-08-02 18:36:09 [info] BaseTimerRunner | Hiding window::devenv:::Eyeflow (Running) - Microsoft Visual Studio 
2017-08-02 18:36:09 [info] BaseTimerRunner | Hiding window::notepad++:::C:\Users\IEUser\Dropbox\dev\dotnet\Eyeflow\Eyeflow\bin\x86\Debug\eyetrack\eyeflow.log - Notepad++
2017-08-02 18:36:09 [info] BaseTimerRunner | Hiding window::chrome:::New Tab - Google Chrome
2017-08-02 18:36:09 [info] BaseTimerRunner | Hiding window::powershell:::Select Windows PowerShell
2017-08-02 18:36:09 [info] BaseTimerRunner | Hiding window::iexplore:::- Microsoft Edge Development - Internet Explorer
2017-08-02 18:36:09 [info] BaseTimerRunner | Hiding window::wmplayer:::Windows Media Player
2017-08-02 18:36:09 [info] BaseTimerRunner | Hiding window::explorer:::eyetrack
2017-08-02 18:36:10 [info] BaseTimerRunner | Showing window::Eyeflow:::C:\Users\IEUser\Dropbox\dev\dotnet\Eyeflow\Eyeflow\bin\x86\Debug\eyetrack\Eyeflow.exe
2017-08-02 18:36:13 [info] BaseTimerRunner | Showing window::explorer:::eyetrack
2017-08-02 18:36:19 [info] EyeflowConsoleApp | === SHUTDOWN BY KEYPRESS ===
2017-08-02 18:36:19 [info] BaseTimerRunner | Showing window::explorer:::Start
2017-08-02 18:36:19 [info] BaseTimerRunner | Showing window::explorer:::
2017-08-02 18:36:19 [info] BaseTimerRunner | Showing window::devenv:::Eyeflow (Running) - Microsoft Visual Studio 
2017-08-02 18:36:19 [info] BaseTimerRunner | Showing window::notepad++:::C:\Users\IEUser\Dropbox\dev\dotnet\Eyeflow\Eyeflow\bin\x86\Debug\eyetrack\eyeflow.log - Notepad++
2017-08-02 18:36:19 [info] BaseTimerRunner | Showing window::chrome:::New Tab - Google Chrome
2017-08-02 18:36:19 [info] BaseTimerRunner | Showing window::powershell:::Select Windows PowerShell
2017-08-02 18:36:19 [info] BaseTimerRunner | Showing window::iexplore:::- Microsoft Edge Development - Internet Explorer
2017-08-02 18:36:19 [info] BaseTimerRunner | Showing window::wmplayer:::Windows Media Player
2017-08-02 18:37:53 [info] EyeflowConsoleApp | === Eyeflow started ===
2017-08-02 18:37:53 [info] BaseTimerRunner | BaseTimerRunner started
2017-08-02 18:37:54 [info] BaseTimerRunner | Hiding window::explorer:::Start
2017-08-02 18:37:54 [info] BaseTimerRunner | Hiding window::explorer:::
2017-08-02 18:37:54 [info] BaseTimerRunner | Hiding window::Eyeflow:::C:\Users\IEUser\Dropbox\dev\dotnet\Eyeflow\Eyeflow\bin\x86\Debug\eyetrack\Eyeflow.exe
2017-08-02 18:37:54 [info] BaseTimerRunner | Hiding window::devenv:::Eyeflow (Running) - Microsoft Visual Studio 
2017-08-02 18:37:54 [info] BaseTimerRunner | Hiding window::notepad++:::C:\Users\IEUser\Dropbox\dev\dotnet\Eyeflow\Eyeflow\bin\x86\Debug\eyetrack\eyeflow.log - Notepad++
2017-08-02 18:37:54 [info] BaseTimerRunner | Hiding window::chrome:::New Tab - Google Chrome
2017-08-02 18:37:54 [info] BaseTimerRunner | Hiding window::powershell:::Select Windows PowerShell
2017-08-02 18:37:54 [info] BaseTimerRunner | Hiding window::iexplore:::- Microsoft Edge Development - Internet Explorer
2017-08-02 18:37:54 [info] BaseTimerRunner | Hiding window::wmplayer:::Windows Media Player
2017-08-02 18:37:54 [info] BaseTimerRunner | Hiding window::explorer:::eyetrack
2017-08-02 18:37:55 [info] BaseTimerRunner | Showing window::Eyeflow:::C:\Users\IEUser\Dropbox\dev\dotnet\Eyeflow\Eyeflow\bin\x86\Debug\eyetrack\Eyeflow.exe
2017-08-02 18:37:56 [info] BaseTimerRunner | Showing window::explorer:::eyetrack
2017-08-02 18:37:59 [info] BaseTimerRunner | Showing window::powershell:::Select Windows PowerShell
2017-08-02 18:38:01 [info] BaseTimerRunner | Showing window::notepad++:::C:\Users\IEUser\Dropbox\dev\dotnet\Eyeflow\Eyeflow\bin\x86\Debug\eyetrack\eyeflow.log - Notepad++
2017-08-02 18:38:02 [info] BaseTimerRunner | Showing window::iexplore:::- Microsoft Edge Development - Internet Explorer
2017-08-02 18:38:06 [info] AnimatingTimerRunner | hiding window owned by process explorer with animation
2017-08-02 18:38:09 [info] AnimatingTimerRunner | hiding window owned by process Eyeflow with animation
2017-08-02 18:38:10 [info] AnimatingTimerRunner | hiding window owned by process powershell with animation
2017-08-02 18:38:13 [info] AnimatingTimerRunner | hiding window owned by process notepad++ with animation
2017-08-02 18:38:15 [info] BaseTimerRunner | Showing window::Eyeflow:::C:\Users\IEUser\Dropbox\dev\dotnet\Eyeflow\Eyeflow\bin\x86\Debug\eyetrack\Eyeflow.exe
2017-08-02 18:38:15 [info] AnimatingTimerRunner | hiding window owned by process iexplore with animation
2017-08-02 18:38:25 [info] BaseTimerRunner | Showing window::devenv:::Eyeflow (Running) - Microsoft Visual Studio 
2017-08-02 18:38:26 [info] AnimatingTimerRunner | hiding window owned by process Eyeflow with animation
2017-08-02 18:38:26 [info] BaseTimerRunner | Showing window::Eyeflow:::C:\Users\IEUser\Dropbox\dev\dotnet\Eyeflow\Eyeflow\bin\x86\Debug\eyetrack\Eyeflow.exe
2017-08-02 18:38:36 [info] AnimatingTimerRunner | hiding window owned by process devenv with animation
2017-08-02 18:38:39 [info] BaseTimerRunner | Showing window::explorer:::eyetrack
2017-08-02 18:38:39 [info] AnimatingTimerRunner | hiding window owned by process Eyeflow with animation
2017-08-02 18:38:40 [info] BaseTimerRunner | Showing window::Eyeflow:::C:\Users\IEUser\Dropbox\dev\dotnet\Eyeflow\Eyeflow\bin\x86\Debug\eyetrack\Eyeflow.exe
2017-08-02 18:38:44 [info] EyeflowConsoleApp | === SHUTDOWN BY CTRL_CLOSE_EVENT ===
2017-08-02 18:38:44 [info] BaseTimerRunner | Showing window::explorer:::Start
2017-08-02 18:38:44 [info] BaseTimerRunner | Showing window::explorer:::
2017-08-02 18:38:44 [info] BaseTimerRunner | Showing window::devenv:::Eyeflow (Running) - Microsoft Visual Studio 
2017-08-02 18:38:44 [info] BaseTimerRunner | Showing window::iexplore:::- Microsoft Edge Development - Internet Explorer
2017-08-02 18:38:44 [info] BaseTimerRunner | Showing window::chrome:::New Tab - Google Chrome
2017-08-02 18:38:44 [info] BaseTimerRunner | Showing window::powershell:::Select Windows PowerShell
2017-08-02 18:38:44 [info] BaseTimerRunner | Showing window::wmplayer:::Windows Med2017-08-02 18:42:08 [info] EyeflowConsoleApp | === Eyeflow started ===
2017-08-02 18:42:08 [info] BaseTimerRunner | BaseTimerRunner started
2017-08-02 18:42:09 [info] BaseTimerRunner | Hiding window::explorer:::Start
2017-08-02 18:42:09 [info] BaseTimerRunner | Hiding window::explorer:::
2017-08-02 18:42:09 [info] BaseTimerRunner | Hiding window::Eyeflow:::C:\Users\IEUser\Dropbox\dev\dotnet\Eyeflow\Eyeflow\bin\x86\Debug\eyetrack\Eyeflow.exe
2017-08-02 18:42:09 [info] BaseTimerRunner | Hiding window::devenv:::Eyeflow (Running) - Microsoft Visual Studio 
2017-08-02 18:42:09 [info] BaseTimerRunner | Hiding window::notepad++:::C:\Users\IEUser\Dropbox\dev\dotnet\Eyeflow\Eyeflow\bin\x86\Debug\eyetrack\eyeflow.log - Notepad++
2017-08-02 18:42:09 [info] BaseTimerRunner | Hiding window::chrome:::New Tab - Google Chrome
2017-08-02 18:42:09 [info] BaseTimerRunner | Hiding window::powershell:::Select Windows PowerShell
2017-08-02 18:42:09 [info] BaseTimerRunner | Hiding window::iexplore:::- Microsoft Edge Development - Internet Explorer
2017-08-02 18:42:09 [info] BaseTimerRunner | Hiding window::wmplayer:::Windows Media Player
2017-08-02 18:42:09 [info] BaseTimerRunner | Hiding window::explorer:::eyetrack
2017-08-02 18:42:10 [info] BaseTimerRunner | Showing window::Eyeflow:::C:\Users\IEUser\Dropbox\dev\dotnet\Eyeflow\Eyeflow\bin\x86\Debug\eyetrack\Eyeflow.exe
2017-08-02 18:42:12 [info] BaseTimerRunner | Showing window::powershell:::Select Windows PowerShell
2017-08-02 18:42:15 [info] EyeflowConsoleApp | === SHUTDOWN BY KEYPRESS ===
2017-08-02 18:42:52 [info] EyeflowConsoleApp | === Eyeflow started ===
2017-08-02 18:42:52 [info] BaseTimerRunner | BaseTimerRunner started
2017-08-02 18:42:53 [info] BaseTimerRunner | Hiding window::explorer:::Start
2017-08-02 18:42:53 [info] BaseTimerRunner | Hiding window::explorer:::
2017-08-02 18:42:53 [info] BaseTimerRunner | Hiding window::Eyeflow:::C:\Users\IEUser\Dropbox\dev\dotnet\Eyeflow\Eyeflow\bin\x86\Debug\eyetrack\Eyeflow.exe
2017-08-02 18:42:53 [info] BaseTimerRunner | Hiding window::devenv:::Eyeflow (Running) - Microsoft Visual Studio 
2017-08-02 18:42:53 [info] BaseTimerRunner | Hiding window::notepad++:::C:\Users\IEUser\Dropbox\dev\dotnet\Eyeflow\Eyeflow\bin\x86\Debug\eyetrack\eyeflow.log - Notepad++
2017-08-02 18:42:53 [info] BaseTimerRunner | Hiding window::chrome:::New Tab - Google Chrome
2017-08-02 18:42:53 [info] BaseTimerRunner | Hiding window::powershell:::Select Windows PowerShell
2017-08-02 18:42:53 [info] BaseTimerRunner | Hiding window::iexplore:::- Microsoft Edge Development - Internet Explorer
2017-08-02 18:42:53 [info] BaseTimerRunner | Hiding window::wmplayer:::Windows Media Player
2017-08-02 18:42:53 [info] BaseTimerRunner | Hiding window::explorer:::eyetrack
2017-08-02 18:43:06 [info] BaseTimerRunner | Showing window::Eyeflow:::C:\Users\IEUser\Dropbox\dev\dotnet\Eyeflow\Eyeflow\bin\x86\Debug\eyetrack\Eyeflow.exe
2017-08-02 18:43:09 [info] BaseTimerRunner | Showing window::devenv:::Eyeflow (Running) - Microsoft Visual Studio 
2017-08-02 18:43:18 [info] AnimatingTimerRunner | hiding window owned by process Eyeflow with animation
2017-08-02 18:44:29 [info] BaseTimerRunner | Showing window::Eyeflow:::C:\Users\IEUser\Dropbox\dev\dotnet\Eyeflow\Eyeflow\bin\x86\Debug\eyetrack\Eyeflow.exe
2017-08-02 18:44:30 [info] AnimatingTimerRunner | hiding window owned by process devenv with animation
2017-08-02 18:44:30 [info] EyeflowConsoleApp | === SHUTDOWN BY KEYPRESS ===
2017-08-02 18:44:31 [info] BaseTimerRunner | Showing window::explorer:::Start
2017-08-02 18:44:31 [info] BaseTimerRunner | Showing window::explorer:::
2017-08-02 18:44:31 [info] BaseTimerRunner | Showing window::devenv:::Eyeflow (Running) - Microsoft Visual Studio 
2017-08-02 18:44:31 [info] BaseTimerRunner | Showing window::notepad++:::C:\Users\IEUser\Dropbox\dev\dotnet\Eyeflow\Eyeflow\bin\x86\Debug\eyetrack\eyeflow.log - Notepad++
2017-08-02 18:44:31 [info] BaseTimerRunner | Showing window::chrome:::New Tab - Google Chrome
2017-08-02 18:44:31 [info] BaseTimerRunner | Showing window::powershell:::Select Windows PowerShell
2017-08-02 18:44:31 [info] BaseTimerRunner | Showing window::iexplore:::- Microsoft Edge Development - Internet Explorer
2017-08-02 18:44:31 [info] BaseTimerRunner | Showing window::wmplayer:::Windows Media Player
2017-08-02 18:44:31 [info] BaseTimerRunner | Showing window::explorer:::eyetrack
