2017-09-27--17:09:11[info]EyeflowConsoleApp===>=== EYEFLOW STARTED - WELCOME! ===
2017-09-27--17:09:11[info]EyeflowConsoleApp===>CONFIG: {simulationMode=False,globalCheckTimerInterval=1000,runOnEveryXGazeDispatch=1,gazeTimeRequiredForHighlightMs=300,howManyHighlightedConcurrentWindows=1,enableForTaskBar=True,windowToForegroundOnGazeAfterMs=1000,windowInactiveThresholdMs=7000,fadeOutAnimationTimeIntervalMs=20,fadeOutAnimationTransparencyInterval=10,fadeOutAnimationMinTransparency=60,drawGazePositionRectangles=False,gazePositionColor=Color [Blue],logFilePath=eyeflow.log,logLevel=info,logToConsole=True,logShowMetaInfo=True}
2017-09-27--17:09:12[info]BaseTimerRunner===>SHOW:::Eyeflow:::C:\Users\Felix\Dropbox\dev\dotnet\Eyeflow\Eyeflow\release\Eyeflow.exe
2017-09-27--17:09:15[info]BaseTimerRunner===>SHOW:::explorer:::File Explorer
2017-09-27--17:09:16[info]BaseTimerRunner===>SHOW:::Eyeflow:::C:\Users\Felix\Dropbox\dev\dotnet\Eyeflow\Eyeflow\release\Eyeflow.exe
2017-09-27--17:09:21[info]BaseTimerRunner===>SHOW:::notepad++:::*C:\Users\Felix\projects\tobii-4c-demo\tobii-4c-demo\main.ahk - Notepad++
2017-09-27--17:09:37[info]BaseTimerRunner===>SHOW:::Eyeflow:::C:\Users\Felix\Dropbox\dev\dotnet\Eyeflow\Eyeflow\release\Eyeflow.exe
2017-09-27--17:09:39[info]BaseTimerRunner===>SHOW:::explorer:::File Explorer
2017-09-27--17:09:41[info]BaseTimerRunner===>SHOW:::explorer:::release
2017-09-27--17:09:42[info]BaseTimerRunner===>SHOW:::notepad++:::*C:\Users\Felix\projects\tobii-4c-demo\tobii-4c-demo\main.ahk - Notepad++
2017-09-27--17:09:43[info]BaseTimerRunner===>SHOW:::Eyeflow:::C:\Users\Felix\Dropbox\dev\dotnet\Eyeflow\Eyeflow\release\Eyeflow.exe
2017-09-27--17:09:46[info]BaseTimerRunner===>SHOW:::explorer:::
2017-09-27--17:09:49[info]BaseTimerRunner===>SHOW:::Eyeflow:::C:\Users\Felix\Dropbox\dev\dotnet\Eyeflow\Eyeflow\release\Eyeflow.exe
2017-09-27--17:09:52[info]BaseTimerRunner===>SHOW:::notepad++:::*C:\Users\Felix\projects\tobii-4c-demo\tobii-4c-demo\main.ahk - Notepad++
2017-09-27--17:09:52[info]BaseTimerRunner===>SHOW:::Eyeflow:::C:\Users\Felix\Dropbox\dev\dotnet\Eyeflow\Eyeflow\release\Eyeflow.exe
2017-09-27--17:09:53[info]BaseTimerRunner===>SHOW:::notepad++:::*C:\Users\Felix\projects\tobii-4c-demo\tobii-4c-demo\main.ahk - Notepad++
2017-09-27--17:09:54[info]BaseTimerRunner===>SHOW:::Eyeflow:::C:\Users\Felix\Dropbox\dev\dotnet\Eyeflow\Eyeflow\release\Eyeflow.exe
2017-09-27--17:09:56[info]BaseTimerRunner===>SHOW:::chrome:::New Tab - Google Chrome
2017-09-27--17:09:57[info]BaseTimerRunner===>SHOW:::Eyeflow:::C:\Users\Felix\Dropbox\dev\dotnet\Eyeflow\Eyeflow\release\Eyeflow.exe
2017-09-27--17:09:57[info]BaseTimerRunner===>SHOW:::chrome:::New Tab - Google Chrome
2017-09-27--17:10:00[info]BaseTimerRunner===>SHOW:::Eyeflow:::C:\Users\Felix\Dropbox\dev\dotnet\Eyeflow\Eyeflow\release\Eyeflow.exe
2017-09-27--17:10:01[info]BaseTimerRunner===>SHOW:::chrome:::New Tab - Google Chrome
2017-09-27--17:10:05[info]BaseTimerRunner===>SHOW:::explorer:::release
2017-09-27--17:10:06[info]BaseTimerRunner===>SHOW:::chrome:::New Tab - Google Chrome
2017-09-27--17:10:07[info]BaseTimerRunner===>SHOW:::Eyeflow:::C:\Users\Felix\Dropbox\dev\dotnet\Eyeflow\Eyeflow\release\Eyeflow.exe
2017-09-27--17:10:10[info]BaseTimerRunner===>SHOW:::chrome:::New Tab - Google Chrome
2017-09-27--17:10:11[info]BaseTimerRunner===>SHOW:::Eyeflow:::C:\Users\Felix\Dropbox\dev\dotnet\Eyeflow\Eyeflow\release\Eyeflow.exe
2017-09-27--17:10:11[info]EyeflowConsoleApp===>=== SHUTDOWN BY KEYPRESS ===
